
> clacky@0.1.0 dev
> next dev

   ▲ Next.js 15.2.4
   - Local:        http://localhost:3000
   - Network:      http://192.168.108.203:3000
   - Environments: .env.local

 ✓ Starting...
 ✓ Ready in 2.8s
 ○ Compiling / ...
 ✓ Compiled / in 2.3s (2146 modules)
 GET / 200 in 2824ms
 ✓ Compiled in 651ms (1054 modules)
 ✓ Compiled in 257ms (1054 modules)
 GET / 200 in 11ms
 GET / 200 in 85ms
 ✓ Compiled in 203ms (1054 modules)
 GET / 200 in 18ms
 GET / 200 in 22ms
 ✓ Compiled in 143ms (1054 modules)
 GET / 200 in 73ms
 GET / 200 in 75ms
 ✓ Compiled in 144ms (1054 modules)
 GET / 200 in 23ms
 GET / 200 in 25ms
 ✓ Compiled in 166ms (1054 modules)
 GET / 200 in 18ms
 GET / 200 in 18ms
 ✓ Compiled in 192ms (1054 modules)
 GET / 200 in 24ms
 GET / 200 in 25ms
 ✓ Compiled in 111ms (1054 modules)
 GET / 200 in 14ms
 GET / 200 in 15ms
 ✓ Compiled in 103ms (1054 modules)
 GET / 200 in 29ms
 GET / 200 in 33ms
 ✓ Compiled in 122ms (1054 modules)
 GET / 200 in 26ms
 GET / 200 in 33ms
 ✓ Compiled in 166ms (1054 modules)
 GET / 200 in 40ms
 GET / 200 in 41ms
 ✓ Compiled in 146ms (1054 modules)
 GET / 200 in 18ms
 GET / 200 in 15ms
 ✓ Compiled in 227ms (1054 modules)
 GET / 200 in 24ms
 GET / 200 in 26ms
 ✓ Compiled in 132ms (1054 modules)
 GET / 200 in 35ms
 GET / 200 in 37ms
 ✓ Compiled in 130ms (1054 modules)
 GET / 200 in 35ms
 GET / 200 in 36ms
 ✓ Compiled in 164ms (1054 modules)
 GET / 200 in 25ms
 GET / 200 in 23ms
 ✓ Compiled in 105ms (1054 modules)
 GET / 200 in 13ms
 GET / 200 in 13ms
 ✓ Compiled in 125ms (1054 modules)
 GET / 200 in 16ms
 GET / 200 in 17ms
 ✓ Compiled in 168ms (1054 modules)
 GET / 200 in 16ms
 GET / 200 in 17ms
 ✓ Compiled in 112ms (1054 modules)
 GET / 200 in 27ms
 GET / 200 in 28ms
 ✓ Compiled in 103ms (1054 modules)
 GET / 200 in 13ms
 GET / 200 in 14ms
 ✓ Compiled in 161ms (1054 modules)
 GET / 200 in 15ms
 GET / 200 in 15ms
 ✓ Compiled in 115ms (1054 modules)
 GET / 200 in 22ms
 GET / 200 in 23ms
[?25h
